TN:
SF:src\useCases\submitFeedbackUseCase.ts
FN:18,execute
FN:13,SubmitFeedbackUseCase
FNF:2
FNH:2
FNDA:5,execute
FNDA:1,SubmitFeedbackUseCase
DA:1,1
DA:2,1
DA:3,1
DA:4,1
DA:5,1
DA:6,1
DA:7,1
DA:8,1
DA:9,1
DA:10,1
DA:11,1
DA:12,1
DA:13,1
DA:14,1
DA:15,1
DA:16,1
DA:17,1
DA:18,1
DA:19,5
DA:20,5
DA:21,5
DA:22,1
DA:23,1
DA:24,4
DA:25,4
DA:26,5
DA:27,1
DA:28,1
DA:29,3
DA:30,5
DA:31,1
DA:32,1
DA:33,2
DA:34,2
DA:35,2
DA:36,2
DA:37,2
DA:38,2
DA:39,2
DA:40,2
DA:41,2
DA:42,2
DA:43,2
DA:44,2
DA:45,2
DA:46,2
DA:47,2
DA:48,2
DA:49,1
LF:49
LH:49
BRDA:18,0,0,5
BRDA:21,1,0,1
BRDA:24,2,0,4
BRDA:26,3,0,1
BRDA:29,4,0,3
BRDA:30,5,0,1
BRDA:33,6,0,2
BRDA:13,7,0,1
BRF:8
BRH:8
end_of_record
